{"total": {"lines":{"total":2720,"covered":810,"skipped":0,"pct":29.77},"statements":{"total":2720,"covered":810,"skipped":0,"pct":29.77},"functions":{"total":114,"covered":52,"skipped":0,"pct":45.61},"branches":{"total":259,"covered":124,"skipped":0,"pct":47.87},"branchesTrue":{"total":0,"covered":0,"skipped":0,"pct":100}}
,"I:\\github\\memeloop\\packages\\memeloop-node\\src\\cli.ts": {"lines":{"total":194,"covered":0,"skipped":0,"pct":0},"functions":{"total":1,"covered":0,"skipped":0,"pct":0},"statements":{"total":194,"covered":0,"skipped":0,"pct":0},"branches":{"total":1,"covered":0,"skipped":0,"pct":0}}
,"I:\\github\\memeloop\\packages\\memeloop-node\\src\\config.ts": {"lines":{"total":33,"covered":6,"skipped":0,"pct":18.18},"functions":{"total":4,"covered":0,"skipped":0,"pct":0},"statements":{"total":33,"covered":6,"skipped":0,"pct":18.18},"branches":{"total":0,"covered":0,"skipped":0,"pct":100}}
,"I:\\github\\memeloop\\packages\\memeloop-node\\src\\index.ts": {"lines":{"total":1,"covered":0,"skipped":0,"pct":0},"functions":{"total":1,"covered":0,"skipped":0,"pct":0},"statements":{"total":1,"covered":0,"skipped":0,"pct":0},"branches":{"total":1,"covered":0,"skipped":0,"pct":0}}
,"I:\\github\\memeloop\\packages\\memeloop-node\\src\\auth\\cloudClient.ts": {"lines":{"total":50,"covered":0,"skipped":0,"pct":0},"functions":{"total":1,"covered":1,"skipped":0,"pct":100},"statements":{"total":50,"covered":0,"skipped":0,"pct":0},"branches":{"total":1,"covered":1,"skipped":0,"pct":100}}
,"I:\\github\\memeloop\\packages\\memeloop-node\\src\\auth\\index.ts": {"lines":{"total":1,"covered":0,"skipped":0,"pct":0},"functions":{"total":1,"covered":0,"skipped":0,"pct":0},"statements":{"total":1,"covered":0,"skipped":0,"pct":0},"branches":{"total":1,"covered":0,"skipped":0,"pct":0}}
,"I:\\github\\memeloop\\packages\\memeloop-node\\src\\auth\\wsAuth.ts": {"lines":{"total":49,"covered":0,"skipped":0,"pct":0},"functions":{"total":1,"covered":0,"skipped":0,"pct":0},"statements":{"total":49,"covered":0,"skipped":0,"pct":0},"branches":{"total":1,"covered":0,"skipped":0,"pct":0}}
,"I:\\github\\memeloop\\packages\\memeloop-node\\src\\im\\createImWebhookHandler.ts": {"lines":{"total":169,"covered":0,"skipped":0,"pct":0},"functions":{"total":1,"covered":0,"skipped":0,"pct":0},"statements":{"total":169,"covered":0,"skipped":0,"pct":0},"branches":{"total":1,"covered":0,"skipped":0,"pct":0}}
,"I:\\github\\memeloop\\packages\\memeloop-node\\src\\im\\discordAdapter.ts": {"lines":{"total":97,"covered":26,"skipped":0,"pct":26.8},"functions":{"total":6,"covered":2,"skipped":0,"pct":33.33},"statements":{"total":97,"covered":26,"skipped":0,"pct":26.8},"branches":{"total":16,"covered":9,"skipped":0,"pct":56.25}}
,"I:\\github\\memeloop\\packages\\memeloop-node\\src\\im\\larkAdapter.ts": {"lines":{"total":105,"covered":59,"skipped":0,"pct":56.19},"functions":{"total":3,"covered":2,"skipped":0,"pct":66.66},"statements":{"total":105,"covered":59,"skipped":0,"pct":56.19},"branches":{"total":23,"covered":8,"skipped":0,"pct":34.78}}
,"I:\\github\\memeloop\\packages\\memeloop-node\\src\\im\\telegramAdapter.ts": {"lines":{"total":50,"covered":0,"skipped":0,"pct":0},"functions":{"total":1,"covered":1,"skipped":0,"pct":100},"statements":{"total":50,"covered":0,"skipped":0,"pct":0},"branches":{"total":1,"covered":1,"skipped":0,"pct":100}}
,"I:\\github\\memeloop\\packages\\memeloop-node\\src\\im\\wecomAdapter.ts": {"lines":{"total":96,"covered":0,"skipped":0,"pct":0},"functions":{"total":1,"covered":0,"skipped":0,"pct":0},"statements":{"total":96,"covered":0,"skipped":0,"pct":0},"branches":{"total":1,"covered":0,"skipped":0,"pct":0}}
,"I:\\github\\memeloop\\packages\\memeloop-node\\src\\im\\wecomCrypto.ts": {"lines":{"total":89,"covered":63,"skipped":0,"pct":70.78},"functions":{"total":6,"covered":4,"skipped":0,"pct":66.66},"statements":{"total":89,"covered":63,"skipped":0,"pct":70.78},"branches":{"total":21,"covered":4,"skipped":0,"pct":19.04}}
,"I:\\github\\memeloop\\packages\\memeloop-node\\src\\knowledge\\index.ts": {"lines":{"total":1,"covered":0,"skipped":0,"pct":0},"functions":{"total":1,"covered":0,"skipped":0,"pct":0},"statements":{"total":1,"covered":0,"skipped":0,"pct":0},"branches":{"total":1,"covered":0,"skipped":0,"pct":0}}
,"I:\\github\\memeloop\\packages\\memeloop-node\\src\\knowledge\\wikiManager.ts": {"lines":{"total":110,"covered":3,"skipped":0,"pct":2.72},"functions":{"total":5,"covered":0,"skipped":0,"pct":0},"statements":{"total":110,"covered":3,"skipped":0,"pct":2.72},"branches":{"total":0,"covered":0,"skipped":0,"pct":100}}
,"I:\\github\\memeloop\\packages\\memeloop-node\\src\\mcp\\localMcpClient.ts": {"lines":{"total":47,"covered":2,"skipped":0,"pct":4.25},"functions":{"total":2,"covered":1,"skipped":0,"pct":50},"statements":{"total":47,"covered":2,"skipped":0,"pct":4.25},"branches":{"total":2,"covered":1,"skipped":0,"pct":50}}
,"I:\\github\\memeloop\\packages\\memeloop-node\\src\\network\\index.ts": {"lines":{"total":1,"covered":1,"skipped":0,"pct":100},"functions":{"total":0,"covered":0,"skipped":0,"pct":100},"statements":{"total":1,"covered":1,"skipped":0,"pct":100},"branches":{"total":0,"covered":0,"skipped":0,"pct":100}}
,"I:\\github\\memeloop\\packages\\memeloop-node\\src\\network\\nodeServer.ts": {"lines":{"total":28,"covered":28,"skipped":0,"pct":100},"functions":{"total":4,"covered":4,"skipped":0,"pct":100},"statements":{"total":28,"covered":28,"skipped":0,"pct":100},"branches":{"total":6,"covered":5,"skipped":0,"pct":83.33}}
,"I:\\github\\memeloop\\packages\\memeloop-node\\src\\network\\peerConnectionManager.ts": {"lines":{"total":228,"covered":180,"skipped":0,"pct":78.94},"functions":{"total":20,"covered":16,"skipped":0,"pct":80},"statements":{"total":228,"covered":180,"skipped":0,"pct":78.94},"branches":{"total":44,"covered":22,"skipped":0,"pct":50}}
,"I:\\github\\memeloop\\packages\\memeloop-node\\src\\network\\rpcHandlers.ts": {"lines":{"total":297,"covered":69,"skipped":0,"pct":23.23},"functions":{"total":2,"covered":1,"skipped":0,"pct":50},"statements":{"total":297,"covered":69,"skipped":0,"pct":23.23},"branches":{"total":55,"covered":28,"skipped":0,"pct":50.9}}
,"I:\\github\\memeloop\\packages\\memeloop-node\\src\\network\\rpcSyncTransport.ts": {"lines":{"total":44,"covered":1,"skipped":0,"pct":2.27},"functions":{"total":1,"covered":0,"skipped":0,"pct":0},"statements":{"total":44,"covered":1,"skipped":0,"pct":2.27},"branches":{"total":0,"covered":0,"skipped":0,"pct":100}}
,"I:\\github\\memeloop\\packages\\memeloop-node\\src\\runtime\\fetchProvider.ts": {"lines":{"total":74,"covered":63,"skipped":0,"pct":85.13},"functions":{"total":3,"covered":3,"skipped":0,"pct":100},"statements":{"total":74,"covered":63,"skipped":0,"pct":85.13},"branches":{"total":20,"covered":13,"skipped":0,"pct":65}}
,"I:\\github\\memeloop\\packages\\memeloop-node\\src\\runtime\\index.ts": {"lines":{"total":1,"covered":1,"skipped":0,"pct":100},"functions":{"total":0,"covered":0,"skipped":0,"pct":100},"statements":{"total":1,"covered":1,"skipped":0,"pct":100},"branches":{"total":0,"covered":0,"skipped":0,"pct":100}}
,"I:\\github\\memeloop\\packages\\memeloop-node\\src\\runtime\\llmAdapter.ts": {"lines":{"total":11,"covered":11,"skipped":0,"pct":100},"functions":{"total":2,"covered":2,"skipped":0,"pct":100},"statements":{"total":11,"covered":11,"skipped":0,"pct":100},"branches":{"total":2,"covered":2,"skipped":0,"pct":100}}
,"I:\\github\\memeloop\\packages\\memeloop-node\\src\\runtime\\nodeRuntime.ts": {"lines":{"total":91,"covered":70,"skipped":0,"pct":76.92},"functions":{"total":8,"covered":2,"skipped":0,"pct":25},"statements":{"total":91,"covered":70,"skipped":0,"pct":76.92},"branches":{"total":16,"covered":8,"skipped":0,"pct":50}}
,"I:\\github\\memeloop\\packages\\memeloop-node\\src\\runtime\\toolRegistry.ts": {"lines":{"total":34,"covered":28,"skipped":0,"pct":82.35},"functions":{"total":5,"covered":5,"skipped":0,"pct":100},"statements":{"total":34,"covered":28,"skipped":0,"pct":82.35},"branches":{"total":11,"covered":5,"skipped":0,"pct":45.45}}
,"I:\\github\\memeloop\\packages\\memeloop-node\\src\\terminal\\index.ts": {"lines":{"total":1,"covered":0,"skipped":0,"pct":0},"functions":{"total":1,"covered":0,"skipped":0,"pct":0},"statements":{"total":1,"covered":0,"skipped":0,"pct":0},"branches":{"total":1,"covered":0,"skipped":0,"pct":0}}
,"I:\\github\\memeloop\\packages\\memeloop-node\\src\\terminal\\sessionManager.ts": {"lines":{"total":145,"covered":0,"skipped":0,"pct":0},"functions":{"total":1,"covered":0,"skipped":0,"pct":0},"statements":{"total":145,"covered":0,"skipped":0,"pct":0},"branches":{"total":1,"covered":0,"skipped":0,"pct":0}}
,"I:\\github\\memeloop\\packages\\memeloop-node\\src\\terminal\\types.ts": {"lines":{"total":0,"covered":0,"skipped":0,"pct":100},"functions":{"total":1,"covered":1,"skipped":0,"pct":100},"statements":{"total":0,"covered":0,"skipped":0,"pct":100},"branches":{"total":1,"covered":1,"skipped":0,"pct":100}}
,"I:\\github\\memeloop\\packages\\memeloop-node\\src\\testing\\mockCloud.ts": {"lines":{"total":84,"covered":0,"skipped":0,"pct":0},"functions":{"total":1,"covered":0,"skipped":0,"pct":0},"statements":{"total":84,"covered":0,"skipped":0,"pct":0},"branches":{"total":1,"covered":0,"skipped":0,"pct":0}}
,"I:\\github\\memeloop\\packages\\memeloop-node\\src\\testing\\mockOpenAI.ts": {"lines":{"total":62,"covered":58,"skipped":0,"pct":93.54},"functions":{"total":3,"covered":3,"skipped":0,"pct":100},"statements":{"total":62,"covered":58,"skipped":0,"pct":93.54},"branches":{"total":17,"covered":12,"skipped":0,"pct":70.58}}
,"I:\\github\\memeloop\\packages\\memeloop-node\\src\\testing\\testNode.ts": {"lines":{"total":59,"covered":53,"skipped":0,"pct":89.83},"functions":{"total":4,"covered":2,"skipped":0,"pct":50},"statements":{"total":59,"covered":53,"skipped":0,"pct":89.83},"branches":{"total":10,"covered":2,"skipped":0,"pct":20}}
,"I:\\github\\memeloop\\packages\\memeloop-node\\src\\tools\\fileSystem.ts": {"lines":{"total":187,"covered":43,"skipped":0,"pct":22.99},"functions":{"total":12,"covered":1,"skipped":0,"pct":8.33},"statements":{"total":187,"covered":43,"skipped":0,"pct":22.99},"branches":{"total":2,"covered":1,"skipped":0,"pct":50}}
,"I:\\github\\memeloop\\packages\\memeloop-node\\src\\tools\\terminal.ts": {"lines":{"total":117,"covered":25,"skipped":0,"pct":21.36},"functions":{"total":4,"covered":0,"skipped":0,"pct":0},"statements":{"total":117,"covered":25,"skipped":0,"pct":21.36},"branches":{"total":0,"covered":0,"skipped":0,"pct":100}}
,"I:\\github\\memeloop\\packages\\memeloop-node\\src\\tools\\vscodeCli.ts": {"lines":{"total":59,"covered":15,"skipped":0,"pct":25.42},"functions":{"total":2,"covered":1,"skipped":0,"pct":50},"statements":{"total":59,"covered":15,"skipped":0,"pct":25.42},"branches":{"total":1,"covered":1,"skipped":0,"pct":100}}
,"I:\\github\\memeloop\\packages\\memeloop-node\\src\\tools\\wikiTools.ts": {"lines":{"total":105,"covered":5,"skipped":0,"pct":4.76},"functions":{"total":5,"covered":0,"skipped":0,"pct":0},"statements":{"total":105,"covered":5,"skipped":0,"pct":4.76},"branches":{"total":0,"covered":0,"skipped":0,"pct":100}}
}
