{"total": {"lines":{"total":3581,"covered":3410,"skipped":0,"pct":95.22},"statements":{"total":3581,"covered":3410,"skipped":0,"pct":95.22},"functions":{"total":210,"covered":190,"skipped":0,"pct":90.47},"branches":{"total":1277,"covered":1023,"skipped":0,"pct":80.1},"branchesTrue":{"total":0,"covered":0,"skipped":0,"pct":100}}
,"/Users/linonetwo/Desktop/repo/memeloop/packages/memeloop-node/src/cli.ts": {"lines":{"total":253,"covered":253,"skipped":0,"pct":100},"functions":{"total":4,"covered":4,"skipped":0,"pct":100},"statements":{"total":253,"covered":253,"skipped":0,"pct":100},"branches":{"total":56,"covered":39,"skipped":0,"pct":69.64}}
,"/Users/linonetwo/Desktop/repo/memeloop/packages/memeloop-node/src/config.ts": {"lines":{"total":33,"covered":33,"skipped":0,"pct":100},"functions":{"total":4,"covered":4,"skipped":0,"pct":100},"statements":{"total":33,"covered":33,"skipped":0,"pct":100},"branches":{"total":11,"covered":8,"skipped":0,"pct":72.72}}
,"/Users/linonetwo/Desktop/repo/memeloop/packages/memeloop-node/src/index.ts": {"lines":{"total":1,"covered":1,"skipped":0,"pct":100},"functions":{"total":0,"covered":0,"skipped":0,"pct":100},"statements":{"total":1,"covered":1,"skipped":0,"pct":100},"branches":{"total":0,"covered":0,"skipped":0,"pct":100}}
,"/Users/linonetwo/Desktop/repo/memeloop/packages/memeloop-node/src/auth/cloudClient.ts": {"lines":{"total":50,"covered":48,"skipped":0,"pct":96},"functions":{"total":8,"covered":7,"skipped":0,"pct":87.5},"statements":{"total":50,"covered":48,"skipped":0,"pct":96},"branches":{"total":12,"covered":10,"skipped":0,"pct":83.33}}
,"/Users/linonetwo/Desktop/repo/memeloop/packages/memeloop-node/src/auth/index.ts": {"lines":{"total":1,"covered":1,"skipped":0,"pct":100},"functions":{"total":0,"covered":0,"skipped":0,"pct":100},"statements":{"total":1,"covered":1,"skipped":0,"pct":100},"branches":{"total":0,"covered":0,"skipped":0,"pct":100}}
,"/Users/linonetwo/Desktop/repo/memeloop/packages/memeloop-node/src/auth/wsAuth.ts": {"lines":{"total":49,"covered":49,"skipped":0,"pct":100},"functions":{"total":2,"covered":2,"skipped":0,"pct":100},"statements":{"total":49,"covered":49,"skipped":0,"pct":100},"branches":{"total":31,"covered":22,"skipped":0,"pct":70.96}}
,"/Users/linonetwo/Desktop/repo/memeloop/packages/memeloop-node/src/im/createImWebhookHandler.ts": {"lines":{"total":192,"covered":179,"skipped":0,"pct":93.22},"functions":{"total":3,"covered":3,"skipped":0,"pct":100},"statements":{"total":192,"covered":179,"skipped":0,"pct":93.22},"branches":{"total":68,"covered":53,"skipped":0,"pct":77.94}}
,"/Users/linonetwo/Desktop/repo/memeloop/packages/memeloop-node/src/im/discordAdapter.ts": {"lines":{"total":97,"covered":95,"skipped":0,"pct":97.93},"functions":{"total":9,"covered":8,"skipped":0,"pct":88.88},"statements":{"total":97,"covered":95,"skipped":0,"pct":97.93},"branches":{"total":36,"covered":31,"skipped":0,"pct":86.11}}
,"/Users/linonetwo/Desktop/repo/memeloop/packages/memeloop-node/src/im/imTaggedDriver.ts": {"lines":{"total":29,"covered":29,"skipped":0,"pct":100},"functions":{"total":4,"covered":4,"skipped":0,"pct":100},"statements":{"total":29,"covered":29,"skipped":0,"pct":100},"branches":{"total":5,"covered":5,"skipped":0,"pct":100}}
,"/Users/linonetwo/Desktop/repo/memeloop/packages/memeloop-node/src/im/larkAdapter.ts": {"lines":{"total":105,"covered":90,"skipped":0,"pct":85.71},"functions":{"total":6,"covered":6,"skipped":0,"pct":100},"statements":{"total":105,"covered":90,"skipped":0,"pct":85.71},"branches":{"total":42,"covered":30,"skipped":0,"pct":71.42}}
,"/Users/linonetwo/Desktop/repo/memeloop/packages/memeloop-node/src/im/telegramAdapter.ts": {"lines":{"total":50,"covered":50,"skipped":0,"pct":100},"functions":{"total":5,"covered":5,"skipped":0,"pct":100},"statements":{"total":50,"covered":50,"skipped":0,"pct":100},"branches":{"total":18,"covered":16,"skipped":0,"pct":88.88}}
,"/Users/linonetwo/Desktop/repo/memeloop/packages/memeloop-node/src/im/wecomAdapter.ts": {"lines":{"total":96,"covered":93,"skipped":0,"pct":96.87},"functions":{"total":6,"covered":6,"skipped":0,"pct":100},"statements":{"total":96,"covered":93,"skipped":0,"pct":96.87},"branches":{"total":42,"covered":31,"skipped":0,"pct":73.8}}
,"/Users/linonetwo/Desktop/repo/memeloop/packages/memeloop-node/src/im/wecomCrypto.ts": {"lines":{"total":89,"covered":79,"skipped":0,"pct":88.76},"functions":{"total":6,"covered":6,"skipped":0,"pct":100},"statements":{"total":89,"covered":79,"skipped":0,"pct":88.76},"branches":{"total":42,"covered":35,"skipped":0,"pct":83.33}}
,"/Users/linonetwo/Desktop/repo/memeloop/packages/memeloop-node/src/knowledge/index.ts": {"lines":{"total":1,"covered":1,"skipped":0,"pct":100},"functions":{"total":0,"covered":0,"skipped":0,"pct":100},"statements":{"total":1,"covered":1,"skipped":0,"pct":100},"branches":{"total":0,"covered":0,"skipped":0,"pct":100}}
,"/Users/linonetwo/Desktop/repo/memeloop/packages/memeloop-node/src/knowledge/wikiManager.ts": {"lines":{"total":145,"covered":130,"skipped":0,"pct":89.65},"functions":{"total":21,"covered":16,"skipped":0,"pct":76.19},"statements":{"total":145,"covered":130,"skipped":0,"pct":89.65},"branches":{"total":47,"covered":40,"skipped":0,"pct":85.1}}
,"/Users/linonetwo/Desktop/repo/memeloop/packages/memeloop-node/src/mcp/localMcpClient.ts": {"lines":{"total":47,"covered":45,"skipped":0,"pct":95.74},"functions":{"total":2,"covered":2,"skipped":0,"pct":100},"statements":{"total":47,"covered":45,"skipped":0,"pct":95.74},"branches":{"total":12,"covered":9,"skipped":0,"pct":75}}
,"/Users/linonetwo/Desktop/repo/memeloop/packages/memeloop-node/src/network/index.ts": {"lines":{"total":1,"covered":1,"skipped":0,"pct":100},"functions":{"total":0,"covered":0,"skipped":0,"pct":100},"statements":{"total":1,"covered":1,"skipped":0,"pct":100},"branches":{"total":0,"covered":0,"skipped":0,"pct":100}}
,"/Users/linonetwo/Desktop/repo/memeloop/packages/memeloop-node/src/network/lanAutoConnect.ts": {"lines":{"total":24,"covered":24,"skipped":0,"pct":100},"functions":{"total":2,"covered":2,"skipped":0,"pct":100},"statements":{"total":24,"covered":24,"skipped":0,"pct":100},"branches":{"total":11,"covered":8,"skipped":0,"pct":72.72}}
,"/Users/linonetwo/Desktop/repo/memeloop/packages/memeloop-node/src/network/nodeServer.ts": {"lines":{"total":39,"covered":39,"skipped":0,"pct":100},"functions":{"total":4,"covered":4,"skipped":0,"pct":100},"statements":{"total":39,"covered":39,"skipped":0,"pct":100},"branches":{"total":10,"covered":9,"skipped":0,"pct":90}}
,"/Users/linonetwo/Desktop/repo/memeloop/packages/memeloop-node/src/network/peerConnectionManager.ts": {"lines":{"total":228,"covered":206,"skipped":0,"pct":90.35},"functions":{"total":20,"covered":18,"skipped":0,"pct":90},"statements":{"total":228,"covered":206,"skipped":0,"pct":90.35},"branches":{"total":57,"covered":42,"skipped":0,"pct":73.68}}
,"/Users/linonetwo/Desktop/repo/memeloop/packages/memeloop-node/src/network/rpcHandlers.ts": {"lines":{"total":465,"covered":458,"skipped":0,"pct":98.49},"functions":{"total":3,"covered":3,"skipped":0,"pct":100},"statements":{"total":465,"covered":458,"skipped":0,"pct":98.49},"branches":{"total":259,"covered":205,"skipped":0,"pct":79.15}}
,"/Users/linonetwo/Desktop/repo/memeloop/packages/memeloop-node/src/network/rpcSyncTransport.ts": {"lines":{"total":44,"covered":44,"skipped":0,"pct":100},"functions":{"total":5,"covered":5,"skipped":0,"pct":100},"statements":{"total":44,"covered":44,"skipped":0,"pct":100},"branches":{"total":19,"covered":19,"skipped":0,"pct":100}}
,"/Users/linonetwo/Desktop/repo/memeloop/packages/memeloop-node/src/runtime/fetchProvider.ts": {"lines":{"total":74,"covered":70,"skipped":0,"pct":94.59},"functions":{"total":3,"covered":3,"skipped":0,"pct":100},"statements":{"total":74,"covered":70,"skipped":0,"pct":94.59},"branches":{"total":24,"covered":20,"skipped":0,"pct":83.33}}
,"/Users/linonetwo/Desktop/repo/memeloop/packages/memeloop-node/src/runtime/index.ts": {"lines":{"total":1,"covered":1,"skipped":0,"pct":100},"functions":{"total":0,"covered":0,"skipped":0,"pct":100},"statements":{"total":1,"covered":1,"skipped":0,"pct":100},"branches":{"total":0,"covered":0,"skipped":0,"pct":100}}
,"/Users/linonetwo/Desktop/repo/memeloop/packages/memeloop-node/src/runtime/llmAdapter.ts": {"lines":{"total":11,"covered":11,"skipped":0,"pct":100},"functions":{"total":2,"covered":2,"skipped":0,"pct":100},"statements":{"total":11,"covered":11,"skipped":0,"pct":100},"branches":{"total":2,"covered":2,"skipped":0,"pct":100}}
,"/Users/linonetwo/Desktop/repo/memeloop/packages/memeloop-node/src/runtime/nodeRuntime.ts": {"lines":{"total":175,"covered":162,"skipped":0,"pct":92.57},"functions":{"total":13,"covered":5,"skipped":0,"pct":38.46},"statements":{"total":175,"covered":162,"skipped":0,"pct":92.57},"branches":{"total":57,"covered":47,"skipped":0,"pct":82.45}}
,"/Users/linonetwo/Desktop/repo/memeloop/packages/memeloop-node/src/runtime/toolRegistry.ts": {"lines":{"total":38,"covered":38,"skipped":0,"pct":100},"functions":{"total":6,"covered":6,"skipped":0,"pct":100},"statements":{"total":38,"covered":38,"skipped":0,"pct":100},"branches":{"total":21,"covered":21,"skipped":0,"pct":100}}
,"/Users/linonetwo/Desktop/repo/memeloop/packages/memeloop-node/src/terminal/index.ts": {"lines":{"total":1,"covered":1,"skipped":0,"pct":100},"functions":{"total":0,"covered":0,"skipped":0,"pct":100},"statements":{"total":1,"covered":1,"skipped":0,"pct":100},"branches":{"total":0,"covered":0,"skipped":0,"pct":100}}
,"/Users/linonetwo/Desktop/repo/memeloop/packages/memeloop-node/src/terminal/sessionManager.ts": {"lines":{"total":209,"covered":193,"skipped":0,"pct":92.34},"functions":{"total":16,"covered":15,"skipped":0,"pct":93.75},"statements":{"total":209,"covered":193,"skipped":0,"pct":92.34},"branches":{"total":60,"covered":45,"skipped":0,"pct":75}}
,"/Users/linonetwo/Desktop/repo/memeloop/packages/memeloop-node/src/terminal/sessionStorage.ts": {"lines":{"total":46,"covered":46,"skipped":0,"pct":100},"functions":{"total":2,"covered":2,"skipped":0,"pct":100},"statements":{"total":46,"covered":46,"skipped":0,"pct":100},"branches":{"total":6,"covered":6,"skipped":0,"pct":100}}
,"/Users/linonetwo/Desktop/repo/memeloop/packages/memeloop-node/src/terminal/types.ts": {"lines":{"total":0,"covered":0,"skipped":0,"pct":100},"functions":{"total":1,"covered":1,"skipped":0,"pct":100},"statements":{"total":0,"covered":0,"skipped":0,"pct":100},"branches":{"total":1,"covered":1,"skipped":0,"pct":100}}
,"/Users/linonetwo/Desktop/repo/memeloop/packages/memeloop-node/src/testing/mockCloud.ts": {"lines":{"total":84,"covered":82,"skipped":0,"pct":97.61},"functions":{"total":5,"covered":5,"skipped":0,"pct":100},"statements":{"total":84,"covered":82,"skipped":0,"pct":97.61},"branches":{"total":42,"covered":31,"skipped":0,"pct":73.8}}
,"/Users/linonetwo/Desktop/repo/memeloop/packages/memeloop-node/src/testing/mockOpenAI.ts": {"lines":{"total":62,"covered":58,"skipped":0,"pct":93.54},"functions":{"total":3,"covered":3,"skipped":0,"pct":100},"statements":{"total":62,"covered":58,"skipped":0,"pct":93.54},"branches":{"total":17,"covered":12,"skipped":0,"pct":70.58}}
,"/Users/linonetwo/Desktop/repo/memeloop/packages/memeloop-node/src/testing/testNode.ts": {"lines":{"total":59,"covered":57,"skipped":0,"pct":96.61},"functions":{"total":4,"covered":3,"skipped":0,"pct":75},"statements":{"total":59,"covered":57,"skipped":0,"pct":96.61},"branches":{"total":15,"covered":15,"skipped":0,"pct":100}}
,"/Users/linonetwo/Desktop/repo/memeloop/packages/memeloop-node/src/tools/fileSystem.ts": {"lines":{"total":221,"covered":209,"skipped":0,"pct":94.57},"functions":{"total":14,"covered":14,"skipped":0,"pct":100},"statements":{"total":221,"covered":209,"skipped":0,"pct":94.57},"branches":{"total":55,"covered":47,"skipped":0,"pct":85.45}}
,"/Users/linonetwo/Desktop/repo/memeloop/packages/memeloop-node/src/tools/genericNodeTools.ts": {"lines":{"total":50,"covered":50,"skipped":0,"pct":100},"functions":{"total":5,"covered":5,"skipped":0,"pct":100},"statements":{"total":50,"covered":50,"skipped":0,"pct":100},"branches":{"total":30,"covered":24,"skipped":0,"pct":80}}
,"/Users/linonetwo/Desktop/repo/memeloop/packages/memeloop-node/src/tools/registerNodeEnvironmentTools.ts": {"lines":{"total":21,"covered":21,"skipped":0,"pct":100},"functions":{"total":1,"covered":1,"skipped":0,"pct":100},"statements":{"total":21,"covered":21,"skipped":0,"pct":100},"branches":{"total":6,"covered":5,"skipped":0,"pct":83.33}}
,"/Users/linonetwo/Desktop/repo/memeloop/packages/memeloop-node/src/tools/terminal.ts": {"lines":{"total":242,"covered":230,"skipped":0,"pct":95.04},"functions":{"total":8,"covered":7,"skipped":0,"pct":87.5},"statements":{"total":242,"covered":230,"skipped":0,"pct":95.04},"branches":{"total":69,"covered":59,"skipped":0,"pct":85.5}}
,"/Users/linonetwo/Desktop/repo/memeloop/packages/memeloop-node/src/tools/vscodeCli.ts": {"lines":{"total":59,"covered":55,"skipped":0,"pct":93.22},"functions":{"total":2,"covered":2,"skipped":0,"pct":100},"statements":{"total":59,"covered":55,"skipped":0,"pct":93.22},"branches":{"total":16,"covered":15,"skipped":0,"pct":93.75}}
,"/Users/linonetwo/Desktop/repo/memeloop/packages/memeloop-node/src/tools/wikiTools.ts": {"lines":{"total":189,"covered":178,"skipped":0,"pct":94.17},"functions":{"total":11,"covered":11,"skipped":0,"pct":100},"statements":{"total":189,"covered":178,"skipped":0,"pct":94.17},"branches":{"total":78,"covered":61,"skipped":0,"pct":78.2}}
}
