{"total": {"lines":{"total":3168,"covered":1323,"skipped":0,"pct":41.76},"statements":{"total":3168,"covered":1323,"skipped":0,"pct":41.76},"functions":{"total":159,"covered":111,"skipped":0,"pct":69.81},"branches":{"total":373,"covered":247,"skipped":0,"pct":66.21},"branchesTrue":{"total":0,"covered":0,"skipped":0,"pct":100}}
,"I:\\github\\memeloop\\packages\\memeloop\\src\\faye-websocket.d.ts": {"lines":{"total":0,"covered":0,"skipped":0,"pct":100},"functions":{"total":1,"covered":1,"skipped":0,"pct":100},"statements":{"total":0,"covered":0,"skipped":0,"pct":100},"branches":{"total":1,"covered":1,"skipped":0,"pct":100}}
,"I:\\github\\memeloop\\packages\\memeloop\\src\\runtime.ts": {"lines":{"total":135,"covered":119,"skipped":0,"pct":88.14},"functions":{"total":7,"covered":7,"skipped":0,"pct":100},"statements":{"total":135,"covered":119,"skipped":0,"pct":88.14},"branches":{"total":27,"covered":23,"skipped":0,"pct":85.18}}
,"I:\\github\\memeloop\\packages\\memeloop\\src\\framework\\agentMessageBridge.ts": {"lines":{"total":34,"covered":31,"skipped":0,"pct":91.17},"functions":{"total":2,"covered":2,"skipped":0,"pct":100},"statements":{"total":34,"covered":31,"skipped":0,"pct":91.17},"branches":{"total":6,"covered":3,"skipped":0,"pct":50}}
,"I:\\github\\memeloop\\packages\\memeloop\\src\\framework\\taskAgent.ts": {"lines":{"total":310,"covered":199,"skipped":0,"pct":64.19},"functions":{"total":13,"covered":13,"skipped":0,"pct":100},"statements":{"total":310,"covered":199,"skipped":0,"pct":64.19},"branches":{"total":67,"covered":32,"skipped":0,"pct":47.76}}
,"I:\\github\\memeloop\\packages\\memeloop\\src\\framework\\taskAgentContract.ts": {"lines":{"total":0,"covered":0,"skipped":0,"pct":100},"functions":{"total":1,"covered":1,"skipped":0,"pct":100},"statements":{"total":0,"covered":0,"skipped":0,"pct":100},"branches":{"total":1,"covered":1,"skipped":0,"pct":100}}
,"I:\\github\\memeloop\\packages\\memeloop\\src\\im\\channelManager.ts": {"lines":{"total":53,"covered":0,"skipped":0,"pct":0},"functions":{"total":1,"covered":1,"skipped":0,"pct":100},"statements":{"total":53,"covered":0,"skipped":0,"pct":0},"branches":{"total":1,"covered":1,"skipped":0,"pct":100}}
,"I:\\github\\memeloop\\packages\\memeloop\\src\\im\\textRenderer.ts": {"lines":{"total":35,"covered":0,"skipped":0,"pct":0},"functions":{"total":1,"covered":1,"skipped":0,"pct":100},"statements":{"total":35,"covered":0,"skipped":0,"pct":0},"branches":{"total":1,"covered":1,"skipped":0,"pct":100}}
,"I:\\github\\memeloop\\packages\\memeloop\\src\\im\\tools.ts": {"lines":{"total":21,"covered":0,"skipped":0,"pct":0},"functions":{"total":1,"covered":1,"skipped":0,"pct":100},"statements":{"total":21,"covered":0,"skipped":0,"pct":0},"branches":{"total":1,"covered":1,"skipped":0,"pct":100}}
,"I:\\github\\memeloop\\packages\\memeloop\\src\\llm\\providerRegistry.ts": {"lines":{"total":23,"covered":23,"skipped":0,"pct":100},"functions":{"total":6,"covered":6,"skipped":0,"pct":100},"statements":{"total":23,"covered":23,"skipped":0,"pct":100},"branches":{"total":7,"covered":7,"skipped":0,"pct":100}}
,"I:\\github\\memeloop\\packages\\memeloop\\src\\network\\authHandshake.ts": {"lines":{"total":27,"covered":0,"skipped":0,"pct":0},"functions":{"total":1,"covered":1,"skipped":0,"pct":100},"statements":{"total":27,"covered":0,"skipped":0,"pct":0},"branches":{"total":1,"covered":1,"skipped":0,"pct":100}}
,"I:\\github\\memeloop\\packages\\memeloop\\src\\network\\connectionManager.ts": {"lines":{"total":119,"covered":0,"skipped":0,"pct":0},"functions":{"total":1,"covered":1,"skipped":0,"pct":100},"statements":{"total":119,"covered":0,"skipped":0,"pct":0},"branches":{"total":1,"covered":1,"skipped":0,"pct":100}}
,"I:\\github\\memeloop\\packages\\memeloop\\src\\network\\connectivity.ts": {"lines":{"total":93,"covered":0,"skipped":0,"pct":0},"functions":{"total":1,"covered":1,"skipped":0,"pct":100},"statements":{"total":93,"covered":0,"skipped":0,"pct":0},"branches":{"total":1,"covered":1,"skipped":0,"pct":100}}
,"I:\\github\\memeloop\\packages\\memeloop\\src\\network\\gitProxyUrlPolicy.ts": {"lines":{"total":60,"covered":43,"skipped":0,"pct":71.66},"functions":{"total":3,"covered":3,"skipped":0,"pct":100},"statements":{"total":60,"covered":43,"skipped":0,"pct":71.66},"branches":{"total":44,"covered":33,"skipped":0,"pct":75}}
,"I:\\github\\memeloop\\packages\\memeloop\\src\\network\\lanDiscovery.ts": {"lines":{"total":56,"covered":0,"skipped":0,"pct":0},"functions":{"total":1,"covered":1,"skipped":0,"pct":100},"statements":{"total":56,"covered":0,"skipped":0,"pct":0},"branches":{"total":1,"covered":1,"skipped":0,"pct":100}}
,"I:\\github\\memeloop\\packages\\memeloop\\src\\network\\messageRouter.ts": {"lines":{"total":73,"covered":0,"skipped":0,"pct":0},"functions":{"total":1,"covered":1,"skipped":0,"pct":100},"statements":{"total":73,"covered":0,"skipped":0,"pct":0},"branches":{"total":1,"covered":1,"skipped":0,"pct":100}}
,"I:\\github\\memeloop\\packages\\memeloop\\src\\network\\nodeServer.ts": {"lines":{"total":298,"covered":0,"skipped":0,"pct":0},"functions":{"total":1,"covered":0,"skipped":0,"pct":0},"statements":{"total":298,"covered":0,"skipped":0,"pct":0},"branches":{"total":1,"covered":0,"skipped":0,"pct":0}}
,"I:\\github\\memeloop\\packages\\memeloop\\src\\network\\pinPairing.ts": {"lines":{"total":64,"covered":53,"skipped":0,"pct":82.81},"functions":{"total":7,"covered":5,"skipped":0,"pct":71.42},"statements":{"total":64,"covered":53,"skipped":0,"pct":82.81},"branches":{"total":13,"covered":8,"skipped":0,"pct":61.53}}
,"I:\\github\\memeloop\\packages\\memeloop\\src\\prompt\\promptConcat.ts": {"lines":{"total":113,"covered":39,"skipped":0,"pct":34.51},"functions":{"total":9,"covered":3,"skipped":0,"pct":33.33},"statements":{"total":113,"covered":39,"skipped":0,"pct":34.51},"branches":{"total":12,"covered":9,"skipped":0,"pct":75}}
,"I:\\github\\memeloop\\packages\\memeloop\\src\\prompt\\responseConcat.ts": {"lines":{"total":61,"covered":1,"skipped":0,"pct":1.63},"functions":{"total":3,"covered":0,"skipped":0,"pct":0},"statements":{"total":61,"covered":1,"skipped":0,"pct":1.63},"branches":{"total":0,"covered":0,"skipped":0,"pct":100}}
,"I:\\github\\memeloop\\packages\\memeloop\\src\\prompt\\responsePatternUtility.ts": {"lines":{"total":76,"covered":66,"skipped":0,"pct":86.84},"functions":{"total":9,"covered":9,"skipped":0,"pct":100},"statements":{"total":76,"covered":66,"skipped":0,"pct":86.84},"branches":{"total":17,"covered":13,"skipped":0,"pct":76.47}}
,"I:\\github\\memeloop\\packages\\memeloop\\src\\storage\\nextLamport.ts": {"lines":{"total":13,"covered":13,"skipped":0,"pct":100},"functions":{"total":1,"covered":1,"skipped":0,"pct":100},"statements":{"total":13,"covered":13,"skipped":0,"pct":100},"branches":{"total":2,"covered":2,"skipped":0,"pct":100}}
,"I:\\github\\memeloop\\packages\\memeloop\\src\\storage\\sqliteStorage.ts": {"lines":{"total":241,"covered":217,"skipped":0,"pct":90.04},"functions":{"total":14,"covered":11,"skipped":0,"pct":78.57},"statements":{"total":241,"covered":217,"skipped":0,"pct":90.04},"branches":{"total":39,"covered":21,"skipped":0,"pct":53.84}}
,"I:\\github\\memeloop\\packages\\memeloop\\src\\sync\\attachmentRpcCodec.ts": {"lines":{"total":15,"covered":15,"skipped":0,"pct":100},"functions":{"total":1,"covered":1,"skipped":0,"pct":100},"statements":{"total":15,"covered":15,"skipped":0,"pct":100},"branches":{"total":12,"covered":8,"skipped":0,"pct":66.66}}
,"I:\\github\\memeloop\\packages\\memeloop\\src\\sync\\chatSyncEngine.ts": {"lines":{"total":111,"covered":102,"skipped":0,"pct":91.89},"functions":{"total":9,"covered":8,"skipped":0,"pct":88.88},"statements":{"total":111,"covered":102,"skipped":0,"pct":91.89},"branches":{"total":22,"covered":15,"skipped":0,"pct":68.18}}
,"I:\\github\\memeloop\\packages\\memeloop\\src\\sync\\peerNodeAdapter.ts": {"lines":{"total":28,"covered":16,"skipped":0,"pct":57.14},"functions":{"total":6,"covered":4,"skipped":0,"pct":66.66},"statements":{"total":28,"covered":16,"skipped":0,"pct":57.14},"branches":{"total":4,"covered":4,"skipped":0,"pct":100}}
,"I:\\github\\memeloop\\packages\\memeloop\\src\\sync\\solidPodAdapter.ts": {"lines":{"total":121,"covered":33,"skipped":0,"pct":27.27},"functions":{"total":11,"covered":6,"skipped":0,"pct":54.54},"statements":{"total":121,"covered":33,"skipped":0,"pct":27.27},"branches":{"total":12,"covered":6,"skipped":0,"pct":50}}
,"I:\\github\\memeloop\\packages\\memeloop\\src\\tools\\approval.ts": {"lines":{"total":77,"covered":9,"skipped":0,"pct":11.68},"functions":{"total":6,"covered":0,"skipped":0,"pct":0},"statements":{"total":77,"covered":9,"skipped":0,"pct":11.68},"branches":{"total":0,"covered":0,"skipped":0,"pct":100}}
,"I:\\github\\memeloop\\packages\\memeloop\\src\\tools\\defineTool.ts": {"lines":{"total":499,"covered":100,"skipped":0,"pct":20.04},"functions":{"total":16,"covered":3,"skipped":0,"pct":18.75},"statements":{"total":499,"covered":100,"skipped":0,"pct":20.04},"branches":{"total":21,"covered":8,"skipped":0,"pct":38.09}}
,"I:\\github\\memeloop\\packages\\memeloop\\src\\tools\\defineToolTypes.ts": {"lines":{"total":0,"covered":0,"skipped":0,"pct":100},"functions":{"total":1,"covered":1,"skipped":0,"pct":100},"statements":{"total":0,"covered":0,"skipped":0,"pct":100},"branches":{"total":1,"covered":1,"skipped":0,"pct":100}}
,"I:\\github\\memeloop\\packages\\memeloop\\src\\tools\\parallelExecution.ts": {"lines":{"total":74,"covered":74,"skipped":0,"pct":100},"functions":{"total":3,"covered":3,"skipped":0,"pct":100},"statements":{"total":74,"covered":74,"skipped":0,"pct":100},"branches":{"total":25,"covered":22,"skipped":0,"pct":88}}
,"I:\\github\\memeloop\\packages\\memeloop\\src\\tools\\pluginRegistry.ts": {"lines":{"total":65,"covered":59,"skipped":0,"pct":90.76},"functions":{"total":9,"covered":7,"skipped":0,"pct":77.77},"statements":{"total":65,"covered":59,"skipped":0,"pct":90.76},"branches":{"total":12,"covered":9,"skipped":0,"pct":75}}
,"I:\\github\\memeloop\\packages\\memeloop\\src\\tools\\schemaRegistry.ts": {"lines":{"total":20,"covered":16,"skipped":0,"pct":80},"functions":{"total":3,"covered":2,"skipped":0,"pct":66.66},"statements":{"total":20,"covered":16,"skipped":0,"pct":80},"branches":{"total":2,"covered":2,"skipped":0,"pct":100}}
,"I:\\github\\memeloop\\packages\\memeloop\\src\\tools\\schemaToToolContent.ts": {"lines":{"total":54,"covered":2,"skipped":0,"pct":3.7},"functions":{"total":1,"covered":0,"skipped":0,"pct":0},"statements":{"total":54,"covered":2,"skipped":0,"pct":3.7},"branches":{"total":0,"covered":0,"skipped":0,"pct":100}}
,"I:\\github\\memeloop\\packages\\memeloop\\src\\tools\\toolRegistry.ts": {"lines":{"total":18,"covered":0,"skipped":0,"pct":0},"functions":{"total":1,"covered":0,"skipped":0,"pct":0},"statements":{"total":18,"covered":0,"skipped":0,"pct":0},"branches":{"total":1,"covered":0,"skipped":0,"pct":0}}
,"I:\\github\\memeloop\\packages\\memeloop\\src\\tools\\builtins\\mcpClient.ts": {"lines":{"total":38,"covered":31,"skipped":0,"pct":81.57},"functions":{"total":2,"covered":2,"skipped":0,"pct":100},"statements":{"total":38,"covered":31,"skipped":0,"pct":81.57},"branches":{"total":6,"covered":5,"skipped":0,"pct":83.33}}
,"I:\\github\\memeloop\\packages\\memeloop\\src\\tools\\builtins\\remoteAgent.ts": {"lines":{"total":96,"covered":33,"skipped":0,"pct":34.37},"functions":{"total":3,"covered":2,"skipped":0,"pct":66.66},"statements":{"total":96,"covered":33,"skipped":0,"pct":34.37},"branches":{"total":5,"covered":4,"skipped":0,"pct":80}}
,"I:\\github\\memeloop\\packages\\memeloop\\src\\tools\\builtins\\spawnAgent.ts": {"lines":{"total":47,"covered":29,"skipped":0,"pct":61.7},"functions":{"total":2,"covered":2,"skipped":0,"pct":100},"statements":{"total":47,"covered":29,"skipped":0,"pct":61.7},"branches":{"total":5,"covered":2,"skipped":0,"pct":40}}
}
