{"total": {"lines":{"total":3808,"covered":3372,"skipped":0,"pct":88.55},"statements":{"total":3808,"covered":3372,"skipped":0,"pct":88.55},"functions":{"total":260,"covered":223,"skipped":0,"pct":85.76},"branches":{"total":1096,"covered":880,"skipped":0,"pct":80.29},"branchesTrue":{"total":0,"covered":0,"skipped":0,"pct":100}}
,"/Users/linonetwo/Desktop/repo/memeloop/packages/memeloop/src/runtime.ts": {"lines":{"total":135,"covered":119,"skipped":0,"pct":88.14},"functions":{"total":7,"covered":7,"skipped":0,"pct":100},"statements":{"total":135,"covered":119,"skipped":0,"pct":88.14},"branches":{"total":27,"covered":23,"skipped":0,"pct":85.18}}
,"/Users/linonetwo/Desktop/repo/memeloop/packages/memeloop/src/definitions/loadBuiltins.ts": {"lines":{"total":4,"covered":4,"skipped":0,"pct":100},"functions":{"total":1,"covered":1,"skipped":0,"pct":100},"statements":{"total":4,"covered":4,"skipped":0,"pct":100},"branches":{"total":1,"covered":1,"skipped":0,"pct":100}}
,"/Users/linonetwo/Desktop/repo/memeloop/packages/memeloop/src/framework/agentMessageBridge.ts": {"lines":{"total":34,"covered":31,"skipped":0,"pct":91.17},"functions":{"total":2,"covered":2,"skipped":0,"pct":100},"statements":{"total":34,"covered":31,"skipped":0,"pct":91.17},"branches":{"total":6,"covered":4,"skipped":0,"pct":66.66}}
,"/Users/linonetwo/Desktop/repo/memeloop/packages/memeloop/src/framework/taskAgent.ts": {"lines":{"total":399,"covered":345,"skipped":0,"pct":86.46},"functions":{"total":18,"covered":18,"skipped":0,"pct":100},"statements":{"total":399,"covered":345,"skipped":0,"pct":86.46},"branches":{"total":133,"covered":106,"skipped":0,"pct":79.69}}
,"/Users/linonetwo/Desktop/repo/memeloop/packages/memeloop/src/im/channelManager.ts": {"lines":{"total":67,"covered":45,"skipped":0,"pct":67.16},"functions":{"total":8,"covered":6,"skipped":0,"pct":75},"statements":{"total":67,"covered":45,"skipped":0,"pct":67.16},"branches":{"total":8,"covered":6,"skipped":0,"pct":75}}
,"/Users/linonetwo/Desktop/repo/memeloop/packages/memeloop/src/im/textRenderer.ts": {"lines":{"total":52,"covered":24,"skipped":0,"pct":46.15},"functions":{"total":8,"covered":3,"skipped":0,"pct":37.5},"statements":{"total":52,"covered":24,"skipped":0,"pct":46.15},"branches":{"total":11,"covered":6,"skipped":0,"pct":54.54}}
,"/Users/linonetwo/Desktop/repo/memeloop/packages/memeloop/src/im/tools.ts": {"lines":{"total":21,"covered":21,"skipped":0,"pct":100},"functions":{"total":1,"covered":1,"skipped":0,"pct":100},"statements":{"total":21,"covered":21,"skipped":0,"pct":100},"branches":{"total":1,"covered":1,"skipped":0,"pct":100}}
,"/Users/linonetwo/Desktop/repo/memeloop/packages/memeloop/src/llm/providerRegistry.ts": {"lines":{"total":23,"covered":23,"skipped":0,"pct":100},"functions":{"total":6,"covered":6,"skipped":0,"pct":100},"statements":{"total":23,"covered":23,"skipped":0,"pct":100},"branches":{"total":7,"covered":7,"skipped":0,"pct":100}}
,"/Users/linonetwo/Desktop/repo/memeloop/packages/memeloop/src/network/authHandshake.ts": {"lines":{"total":27,"covered":27,"skipped":0,"pct":100},"functions":{"total":2,"covered":2,"skipped":0,"pct":100},"statements":{"total":27,"covered":27,"skipped":0,"pct":100},"branches":{"total":12,"covered":12,"skipped":0,"pct":100}}
,"/Users/linonetwo/Desktop/repo/memeloop/packages/memeloop/src/network/connectionManager.ts": {"lines":{"total":119,"covered":101,"skipped":0,"pct":84.87},"functions":{"total":18,"covered":13,"skipped":0,"pct":72.22},"statements":{"total":119,"covered":101,"skipped":0,"pct":84.87},"branches":{"total":26,"covered":21,"skipped":0,"pct":80.76}}
,"/Users/linonetwo/Desktop/repo/memeloop/packages/memeloop/src/network/connectivity.ts": {"lines":{"total":93,"covered":80,"skipped":0,"pct":86.02},"functions":{"total":11,"covered":9,"skipped":0,"pct":81.81},"statements":{"total":93,"covered":80,"skipped":0,"pct":86.02},"branches":{"total":32,"covered":27,"skipped":0,"pct":84.37}}
,"/Users/linonetwo/Desktop/repo/memeloop/packages/memeloop/src/network/gitProxyUrlPolicy.ts": {"lines":{"total":60,"covered":43,"skipped":0,"pct":71.66},"functions":{"total":3,"covered":3,"skipped":0,"pct":100},"statements":{"total":60,"covered":43,"skipped":0,"pct":71.66},"branches":{"total":45,"covered":34,"skipped":0,"pct":75.55}}
,"/Users/linonetwo/Desktop/repo/memeloop/packages/memeloop/src/network/lanDiscovery.ts": {"lines":{"total":61,"covered":57,"skipped":0,"pct":93.44},"functions":{"total":4,"covered":4,"skipped":0,"pct":100},"statements":{"total":61,"covered":57,"skipped":0,"pct":93.44},"branches":{"total":23,"covered":20,"skipped":0,"pct":86.95}}
,"/Users/linonetwo/Desktop/repo/memeloop/packages/memeloop/src/network/messageRouter.ts": {"lines":{"total":73,"covered":61,"skipped":0,"pct":83.56},"functions":{"total":6,"covered":5,"skipped":0,"pct":83.33},"statements":{"total":73,"covered":61,"skipped":0,"pct":83.56},"branches":{"total":14,"covered":9,"skipped":0,"pct":64.28}}
,"/Users/linonetwo/Desktop/repo/memeloop/packages/memeloop/src/network/nodeServer.ts": {"lines":{"total":335,"covered":287,"skipped":0,"pct":85.67},"functions":{"total":12,"covered":11,"skipped":0,"pct":91.66},"statements":{"total":335,"covered":287,"skipped":0,"pct":85.67},"branches":{"total":107,"covered":76,"skipped":0,"pct":71.02}}
,"/Users/linonetwo/Desktop/repo/memeloop/packages/memeloop/src/network/pinPairing.ts": {"lines":{"total":64,"covered":53,"skipped":0,"pct":82.81},"functions":{"total":7,"covered":5,"skipped":0,"pct":71.42},"statements":{"total":64,"covered":53,"skipped":0,"pct":82.81},"branches":{"total":13,"covered":8,"skipped":0,"pct":61.53}}
,"/Users/linonetwo/Desktop/repo/memeloop/packages/memeloop/src/prompt/builtinPromptPlugins.ts": {"lines":{"total":68,"covered":37,"skipped":0,"pct":54.41},"functions":{"total":3,"covered":3,"skipped":0,"pct":100},"statements":{"total":68,"covered":37,"skipped":0,"pct":54.41},"branches":{"total":16,"covered":14,"skipped":0,"pct":87.5}}
,"/Users/linonetwo/Desktop/repo/memeloop/packages/memeloop/src/prompt/promptConcat.ts": {"lines":{"total":134,"covered":132,"skipped":0,"pct":98.5},"functions":{"total":11,"covered":8,"skipped":0,"pct":72.72},"statements":{"total":134,"covered":132,"skipped":0,"pct":98.5},"branches":{"total":46,"covered":40,"skipped":0,"pct":86.95}}
,"/Users/linonetwo/Desktop/repo/memeloop/packages/memeloop/src/prompt/responseConcat.ts": {"lines":{"total":62,"covered":62,"skipped":0,"pct":100},"functions":{"total":3,"covered":3,"skipped":0,"pct":100},"statements":{"total":62,"covered":62,"skipped":0,"pct":100},"branches":{"total":17,"covered":16,"skipped":0,"pct":94.11}}
,"/Users/linonetwo/Desktop/repo/memeloop/packages/memeloop/src/prompt/responsePatternUtility.ts": {"lines":{"total":76,"covered":66,"skipped":0,"pct":86.84},"functions":{"total":9,"covered":9,"skipped":0,"pct":100},"statements":{"total":76,"covered":66,"skipped":0,"pct":86.84},"branches":{"total":17,"covered":13,"skipped":0,"pct":76.47}}
,"/Users/linonetwo/Desktop/repo/memeloop/packages/memeloop/src/prompt/utilities.ts": {"lines":{"total":16,"covered":14,"skipped":0,"pct":87.5},"functions":{"total":3,"covered":2,"skipped":0,"pct":66.66},"statements":{"total":16,"covered":14,"skipped":0,"pct":87.5},"branches":{"total":7,"covered":6,"skipped":0,"pct":85.71}}
,"/Users/linonetwo/Desktop/repo/memeloop/packages/memeloop/src/prompt/modifiers/defineModifier.ts": {"lines":{"total":3,"covered":3,"skipped":0,"pct":100},"functions":{"total":1,"covered":1,"skipped":0,"pct":100},"statements":{"total":3,"covered":3,"skipped":0,"pct":100},"branches":{"total":1,"covered":1,"skipped":0,"pct":100}}
,"/Users/linonetwo/Desktop/repo/memeloop/packages/memeloop/src/storage/nextLamport.ts": {"lines":{"total":17,"covered":14,"skipped":0,"pct":82.35},"functions":{"total":1,"covered":1,"skipped":0,"pct":100},"statements":{"total":17,"covered":14,"skipped":0,"pct":82.35},"branches":{"total":4,"covered":3,"skipped":0,"pct":75}}
,"/Users/linonetwo/Desktop/repo/memeloop/packages/memeloop/src/storage/sqliteStorage.ts": {"lines":{"total":328,"covered":328,"skipped":0,"pct":100},"functions":{"total":20,"covered":20,"skipped":0,"pct":100},"statements":{"total":328,"covered":328,"skipped":0,"pct":100},"branches":{"total":89,"covered":80,"skipped":0,"pct":89.88}}
,"/Users/linonetwo/Desktop/repo/memeloop/packages/memeloop/src/sync/attachmentRpcCodec.ts": {"lines":{"total":15,"covered":15,"skipped":0,"pct":100},"functions":{"total":1,"covered":1,"skipped":0,"pct":100},"statements":{"total":15,"covered":15,"skipped":0,"pct":100},"branches":{"total":14,"covered":13,"skipped":0,"pct":92.85}}
,"/Users/linonetwo/Desktop/repo/memeloop/packages/memeloop/src/sync/chatSyncEngine.ts": {"lines":{"total":111,"covered":109,"skipped":0,"pct":98.19},"functions":{"total":9,"covered":8,"skipped":0,"pct":88.88},"statements":{"total":111,"covered":109,"skipped":0,"pct":98.19},"branches":{"total":36,"covered":33,"skipped":0,"pct":91.66}}
,"/Users/linonetwo/Desktop/repo/memeloop/packages/memeloop/src/sync/peerNodeAdapter.ts": {"lines":{"total":28,"covered":16,"skipped":0,"pct":57.14},"functions":{"total":6,"covered":4,"skipped":0,"pct":66.66},"statements":{"total":28,"covered":16,"skipped":0,"pct":57.14},"branches":{"total":4,"covered":4,"skipped":0,"pct":100}}
,"/Users/linonetwo/Desktop/repo/memeloop/packages/memeloop/src/sync/solidPodAdapter.ts": {"lines":{"total":145,"covered":128,"skipped":0,"pct":88.27},"functions":{"total":11,"covered":11,"skipped":0,"pct":100},"statements":{"total":145,"covered":128,"skipped":0,"pct":88.27},"branches":{"total":35,"covered":23,"skipped":0,"pct":65.71}}
,"/Users/linonetwo/Desktop/repo/memeloop/packages/memeloop/src/tools/approval.ts": {"lines":{"total":77,"covered":76,"skipped":0,"pct":98.7},"functions":{"total":6,"covered":6,"skipped":0,"pct":100},"statements":{"total":77,"covered":76,"skipped":0,"pct":98.7},"branches":{"total":30,"covered":29,"skipped":0,"pct":96.66}}
,"/Users/linonetwo/Desktop/repo/memeloop/packages/memeloop/src/tools/defineTool.ts": {"lines":{"total":499,"covered":438,"skipped":0,"pct":87.77},"functions":{"total":20,"covered":11,"skipped":0,"pct":55},"statements":{"total":499,"covered":438,"skipped":0,"pct":87.77},"branches":{"total":121,"covered":83,"skipped":0,"pct":68.59}}
,"/Users/linonetwo/Desktop/repo/memeloop/packages/memeloop/src/tools/parallelExecution.ts": {"lines":{"total":74,"covered":74,"skipped":0,"pct":100},"functions":{"total":3,"covered":3,"skipped":0,"pct":100},"statements":{"total":74,"covered":74,"skipped":0,"pct":100},"branches":{"total":25,"covered":22,"skipped":0,"pct":88}}
,"/Users/linonetwo/Desktop/repo/memeloop/packages/memeloop/src/tools/pluginRegistry.ts": {"lines":{"total":83,"covered":78,"skipped":0,"pct":93.97},"functions":{"total":12,"covered":10,"skipped":0,"pct":83.33},"statements":{"total":83,"covered":78,"skipped":0,"pct":93.97},"branches":{"total":22,"covered":19,"skipped":0,"pct":86.36}}
,"/Users/linonetwo/Desktop/repo/memeloop/packages/memeloop/src/tools/schemaRegistry.ts": {"lines":{"total":20,"covered":16,"skipped":0,"pct":80},"functions":{"total":3,"covered":2,"skipped":0,"pct":66.66},"statements":{"total":20,"covered":16,"skipped":0,"pct":80},"branches":{"total":2,"covered":2,"skipped":0,"pct":100}}
,"/Users/linonetwo/Desktop/repo/memeloop/packages/memeloop/src/tools/schemaToToolContent.ts": {"lines":{"total":54,"covered":47,"skipped":0,"pct":87.03},"functions":{"total":1,"covered":1,"skipped":0,"pct":100},"statements":{"total":54,"covered":47,"skipped":0,"pct":87.03},"branches":{"total":24,"covered":16,"skipped":0,"pct":66.66}}
,"/Users/linonetwo/Desktop/repo/memeloop/packages/memeloop/src/tools/structuredToolResult.ts": {"lines":{"total":17,"covered":17,"skipped":0,"pct":100},"functions":{"total":2,"covered":2,"skipped":0,"pct":100},"statements":{"total":17,"covered":17,"skipped":0,"pct":100},"branches":{"total":12,"covered":12,"skipped":0,"pct":100}}
,"/Users/linonetwo/Desktop/repo/memeloop/packages/memeloop/src/tools/toolRegistry.ts": {"lines":{"total":18,"covered":18,"skipped":0,"pct":100},"functions":{"total":3,"covered":3,"skipped":0,"pct":100},"statements":{"total":18,"covered":18,"skipped":0,"pct":100},"branches":{"total":3,"covered":3,"skipped":0,"pct":100}}
,"/Users/linonetwo/Desktop/repo/memeloop/packages/memeloop/src/tools/builtins/askQuestion.ts": {"lines":{"total":34,"covered":34,"skipped":0,"pct":100},"functions":{"total":1,"covered":1,"skipped":0,"pct":100},"statements":{"total":34,"covered":34,"skipped":0,"pct":100},"branches":{"total":7,"covered":6,"skipped":0,"pct":85.71}}
,"/Users/linonetwo/Desktop/repo/memeloop/packages/memeloop/src/tools/builtins/imBuiltinTools.ts": {"lines":{"total":141,"covered":141,"skipped":0,"pct":100},"functions":{"total":8,"covered":8,"skipped":0,"pct":100},"statements":{"total":141,"covered":141,"skipped":0,"pct":100},"branches":{"total":49,"covered":40,"skipped":0,"pct":81.63}}
,"/Users/linonetwo/Desktop/repo/memeloop/packages/memeloop/src/tools/builtins/mcpClient.ts": {"lines":{"total":38,"covered":31,"skipped":0,"pct":81.57},"functions":{"total":2,"covered":2,"skipped":0,"pct":100},"statements":{"total":38,"covered":31,"skipped":0,"pct":81.57},"branches":{"total":6,"covered":5,"skipped":0,"pct":83.33}}
,"/Users/linonetwo/Desktop/repo/memeloop/packages/memeloop/src/tools/builtins/questionWaitRegistry.ts": {"lines":{"total":18,"covered":18,"skipped":0,"pct":100},"functions":{"total":2,"covered":2,"skipped":0,"pct":100},"statements":{"total":18,"covered":18,"skipped":0,"pct":100},"branches":{"total":5,"covered":5,"skipped":0,"pct":100}}
,"/Users/linonetwo/Desktop/repo/memeloop/packages/memeloop/src/tools/builtins/remoteAgent.ts": {"lines":{"total":107,"covered":83,"skipped":0,"pct":77.57},"functions":{"total":3,"covered":3,"skipped":0,"pct":100},"statements":{"total":107,"covered":83,"skipped":0,"pct":77.57},"branches":{"total":21,"covered":16,"skipped":0,"pct":76.19}}
,"/Users/linonetwo/Desktop/repo/memeloop/packages/memeloop/src/tools/builtins/spawnAgent.ts": {"lines":{"total":58,"covered":56,"skipped":0,"pct":96.55},"functions":{"total":2,"covered":2,"skipped":0,"pct":100},"statements":{"total":58,"covered":56,"skipped":0,"pct":96.55},"branches":{"total":17,"covered":15,"skipped":0,"pct":88.23}}
}
