{"total": {"lines":{"total":166,"covered":163,"skipped":0,"pct":98.19},"statements":{"total":166,"covered":163,"skipped":0,"pct":98.19},"functions":{"total":9,"covered":9,"skipped":0,"pct":100},"branches":{"total":57,"covered":51,"skipped":0,"pct":89.47},"branchesTrue":{"total":0,"covered":0,"skipped":0,"pct":"Unknown"}}
,"/Users/linonetwo/Desktop/repo/memeloop/packages/memeloop-prompt-editor/src/core/conditionVisibility.ts": {"lines":{"total":133,"covered":130,"skipped":0,"pct":97.74},"functions":{"total":6,"covered":6,"skipped":0,"pct":100},"statements":{"total":133,"covered":130,"skipped":0,"pct":97.74},"branches":{"total":43,"covered":38,"skipped":0,"pct":88.37}}
,"/Users/linonetwo/Desktop/repo/memeloop/packages/memeloop-prompt-editor/src/core/schemaGenerator.ts": {"lines":{"total":23,"covered":23,"skipped":0,"pct":100},"functions":{"total":2,"covered":2,"skipped":0,"pct":100},"statements":{"total":23,"covered":23,"skipped":0,"pct":100},"branches":{"total":11,"covered":10,"skipped":0,"pct":90.9}}
,"/Users/linonetwo/Desktop/repo/memeloop/packages/memeloop-prompt-editor/src/core/uiSchemaBuilder.ts": {"lines":{"total":10,"covered":10,"skipped":0,"pct":100},"functions":{"total":1,"covered":1,"skipped":0,"pct":100},"statements":{"total":10,"covered":10,"skipped":0,"pct":100},"branches":{"total":3,"covered":3,"skipped":0,"pct":100}}
}
